<?xml version="1.0" encoding="UTF-8"?>
<!-- Generated by org.testng.reporters.JUnitReportReporter -->
<testsuite hostname="DESKTOP-F4RREFV" failures="0" tests="1" name="com.practice.MyReports" time="0.874" errors="0" timestamp="30 Sep 2018 02:19:19 GMT" skipped="0">
  <testcase classname="com.practice.MyReports" name="sample" time="0.874"/>
</testsuite> <!-- com.practice.MyReports -->
