<?xml version="1.0" encoding="UTF-8"?>
<!-- Generated by org.testng.reporters.JUnitReportReporter -->
<testsuite hostname="DESKTOP-F4RREFV" failures="0" tests="1" name="com.test.common.Driver" time="13.379" errors="0" timestamp="30 Sep 2018 03:09:08 GMT" skipped="0">
  <testcase classname="com.test.common.Driver" name="testcases" time="13.379"/>
</testsuite> <!-- com.test.common.Driver -->
